<?xml version="1.0" encoding="UTF-8"?>
<!-- Generated by org.testng.reporters.JUnitXMLReporter -->
<testsuite ignored="0" hostname="LAPTOP-835TTK12" failures="0" tests="4" name="Chrome Test" time="131.985" errors="0" timestamp="2023-02-11T16:01:44 IST">
  <testcase classname="TEST.testClass" name="click1" time="15.655"/>
  <testcase classname="TEST.testClass" name="click2" time="14.209"/>
  <testcase classname="TEST.testClass" name="click3" time="12.987"/>
  <testcase classname="TEST.testClass" name="click4" time="12.888"/>
</testsuite> <!-- Chrome Test -->
