<?xml version="1.0" encoding="UTF-8"?>
<!-- Generated by org.testng.reporters.JUnitXMLReporter -->
<testsuite ignored="0" hostname="LAPTOP-835TTK12" failures="0" tests="4" name="Edge Test" time="0.089" errors="0" timestamp="2023-02-10T17:44:05 IST">
  <testcase classname="TEST.testClass" name="click1" time="0.001">
    <skipped/>
  </testcase> <!-- click1 -->
  <testcase classname="TEST.testClass" name="click2" time="0.0">
    <skipped/>
  </testcase> <!-- click2 -->
  <testcase classname="TEST.testClass" name="click3" time="0.001">
    <skipped/>
  </testcase> <!-- click3 -->
  <testcase classname="TEST.testClass" name="click4" time="0.0">
    <skipped/>
  </testcase> <!-- click4 -->
</testsuite> <!-- Edge Test -->
